2024-08-02 22:07:21,455 (logging:124) INFO: the current machine is at 192.168.50.36
2024-08-02 22:07:21,456 (logging:126) INFO: the current dir is C:\Users\moham\Downloads\Fed\FederatedScope
2024-08-02 22:07:21,456 (logging:127) INFO: the output dir is exp_out/Ditto/convnet2_0.005_3_bs64_on_femnist\Ditto_convnet2_on_femnist_lr0.005_lstep3
2024-08-02 22:07:31,315 (cfg_fl_setting:173) WARNING: Users specify both valid sample_client_rate as 0.2 and sample_client_num as 1.
		We will use the sample_client_rate value to calculate the actual number of participated clients as 40.
2024-08-02 22:07:37,750 (splitter_builder:79) WARNING: Splitter  not found or not used.
2024-08-02 22:07:37,889 (cfg_fl_setting:173) WARNING: Users specify both valid sample_client_rate as 0.2 and sample_client_num as 40.
		We will use the sample_client_rate value to calculate the actual number of participated clients as 40.
2024-08-02 22:07:37,890 (cfg_fl_setting:173) WARNING: Users specify both valid sample_client_rate as 0.2 and sample_client_num as 40.
		We will use the sample_client_rate value to calculate the actual number of participated clients as 40.
2024-08-02 22:07:37,913 (config:243) INFO: the used configs are: 
aggregator:
  BFT_args:
    
  byzantine_node_num: 0
  inside_weight: 1.0
  num_agg_groups: 1
  num_agg_topk: []
  outside_weight: 0.0
  robust_rule: fedavg
asyn:
  use: False
attack:
  alpha_TV: 0.001
  alpha_prop_loss: 0
  attack_method: 
  attacker_id: -1
  classifier_PIA: randomforest
  edge_num: 100
  edge_path: edge_data/
  freq: 10
  info_diff_type: l2
  inject_round: 0
  insert_round: 100000
  label_type: dirty
  max_ite: 400
  mean: [0.9637]
  mia_is_simulate_in: False
  mia_simulate_in_round: 20
  pgd_eps: 2
  pgd_lr: 0.1
  pgd_poisoning: False
  poison_ratio: 0.5
  reconstruct_lr: 0.01
  reconstruct_optim: Adam
  scale_para: 1.0
  scale_poisoning: False
  self_epoch: 6
  self_lr: 0.05
  self_opt: False
  setting: fix
  std: [0.1592]
  target_label_ind: -1
  trigger_path: trigger/
  trigger_type: edge
backend: torch
cfg_file: 
check_completeness: False
criterion:
  type: CrossEntropyLoss
data:
  args: []
  batch_size: 64
  cSBM_phi: [0.5, 0.5, 0.5]
  cache_dir: 
  consistent_label_distribution: True
  drop_last: False
  file_path: 
  hetero_data_name: []
  hetero_synth_batch_size: 32
  hetero_synth_feat_dim: 128
  hetero_synth_prim_weight: 0.5
  is_debug: False
  loader: 
  max_query_len: 128
  max_seq_len: 384
  max_tgt_len: 128
  num_contrast: 0
  num_of_client_for_data: []
  num_steps: 30
  num_workers: 0
  pre_transform: []
  quadratic:
    dim: 1
    max_curv: 12.5
    min_curv: 0.02
  root: data/
  save_data: False
  server_holds_all: False
  shuffle: True
  sizes: [10, 5]
  splits: [0.6, 0.2, 0.2]
  splitter: 
  splitter_args: []
  subsample: 0.05
  target_transform: []
  test_pre_transform: []
  test_target_transform: []
  test_transform: []
  transform: [['ToTensor', {}], ['Normalize', {'mean': [0.9637], 'std': [0.1592]}]]
  trunc_stride: 128
  type: femnist
  val_pre_transform: []
  val_target_transform: []
  val_transform: []
  walk_length: 2
dataloader:
  batch_size: 64
  drop_last: False
  num_steps: 30
  num_workers: 0
  pin_memory: False
  shuffle: True
  sizes: [10, 5]
  theta: -1
  type: base
  walk_length: 2
device: 0
distribute:
  use: False
early_stop:
  delta: 0.0
  improve_indicator_mode: best
  patience: 5
eval:
  best_res_update_round_wise_key: val_loss
  count_flops: True
  freq: 10
  metrics: ['acc', 'correct', 'avg_loss']
  monitoring: []
  report: ['weighted_avg', 'avg', 'fairness', 'raw']
  split: ['test', 'val']
expname: Ditto_convnet2_on_femnist_lr0.005_lstep3
expname_tag: 
feat_engr:
  num_bins: 5
  scenario: hfl
  secure:
    dp:
      
    encrypt:
      type: dummy
    key_size: 3072
    type: encrypt
  selec_threshold: 0.05
  selec_woe_binning: quantile
  type: 
federate:
  atc_load_from: 
  atc_vanilla: False
  client_num: 200
  data_weighted_aggr: False
  ignore_weight: False
  join_in_info: []
  make_global_eval: False
  master_addr: 127.0.0.1
  master_port: 29500
  merge_test_data: False
  merge_val_data: False
  method: Ditto
  mode: standalone
  online_aggr: False
  process_num: 1
  resource_info_file: 
  restore_from: 
  sample_client_num: 40
  sample_client_rate: 0.2
  sampler: uniform
  save_to: 
  share_local_model: False
  total_round_num: 500
  unseen_clients_rate: 0.0
  use_diff: False
  use_ss: False
fedopt:
  use: False
fedprox:
  use: False
fedsageplus:
  a: 1.0
  b: 1.0
  c: 1.0
  fedgen_epoch: 200
  gen_hidden: 128
  hide_portion: 0.5
  loc_epoch: 1
  num_pred: 5
fedswa:
  use: False
finetune:
  batch_or_epoch: epoch
  before_eval: False
  epoch_linear: 10
  freeze_param: 
  local_param: []
  local_update_steps: 1
  lr_linear: 0.005
  optimizer:
    lr: 0.1
    type: SGD
  scheduler:
    type: 
    warmup_ratio: 0.0
  simple_tuning: False
  weight_decay: 0.0
flitplus:
  factor_ema: 0.8
  lambdavat: 0.5
  tmpFed: 0.5
  weightReg: 1.0
gcflplus:
  EPS_1: 0.05
  EPS_2: 0.1
  seq_length: 5
  standardize: False
grad:
  grad_accum_count: 1
  grad_clip: 5.0
hpo:
  fedex:
    cutoff: 0.0
    diff: False
    eta0: -1.0
    flatten_ss: True
    gamma: 0.0
    pi_lr: 0.01
    psn: False
    sched: auto
    ss: 
    use: False
  fts:
    M: 100
    M_target: 200
    allow_load_existing_info: True
    diff: False
    fed_bo_max_iter: 50
    g_var: 1e-06
    gp_opt_schedule: 1
    local_bo_epochs: 50
    local_bo_max_iter: 50
    ls: 1.0
    obs_noise: 1e-06
    ss: 
    target_clients: []
    use: False
    v_kernel: 1.0
    var: 0.1
  init_cand_num: 16
  larger_better: False
  metric: client_summarized_weighted_avg.val_loss
  num_workers: 0
  pbt:
    max_stage: 5
    perf_threshold: 0.1
  pfedhpo:
    discrete: False
    ss: 
    target_fl_total_round: 1000
    train_anchor: False
    train_fl: False
    use: False
  scheduler: rs
  sha:
    budgets: []
    elim_rate: 3
    iter: 0
  ss: 
  table:
    eps: 0.1
    idx: 0
    num: 27
  trial_index: 0
  working_folder: hpo
model:
  contrast_temp: 1.0
  contrast_topk: 100
  downstream_tasks: []
  dropout: 0.0
  embed_size: 8
  gamma: 0
  graph_pooling: mean
  hidden: 2048
  in_channels: 0
  input_shape: ()
  label_smoothing: 0.1
  lambda_: 0.1
  layer: 2
  length_penalty: 2.0
  max_answer_len: 30
  max_length: 200
  max_tree_depth: 3
  min_length: 1
  model_num_per_trainer: 1
  model_type: google/bert_uncased_L-2_H-128_A-2
  n_best_size: 20
  no_repeat_ngram_size: 3
  null_score_diff_threshold: 0.0
  num_beams: 5
  num_item: 0
  num_labels: 1
  num_of_trees: 10
  num_user: 0
  out_channels: 62
  pretrain_tasks: []
  stage: 
  task: node
  type: convnet2
  use_bias: True
  use_contrastive_loss: False
nbafl:
  use: False
outdir: exp_out/Ditto/convnet2_0.005_3_bs64_on_femnist\Ditto_convnet2_on_femnist_lr0.005_lstep3
personalization:
  K: 5
  beta: 1.0
  epoch_feature: 1
  epoch_linear: 2
  local_param: []
  local_update_steps: 1
  lr: 0.01
  lr_feature: 0.1
  lr_linear: 0.1
  regular_weight: 0.1
  share_non_trainable_para: False
  weight_decay: 0.0
print_decimal_digits: 6
quantization:
  method: none
  nbits: 8
regularizer:
  mu: 0.0
  type: 
seed: 1
sgdmf:
  use: False
train:
  batch_or_epoch: epoch
  data_para_dids: []
  local_update_steps: 3
  optimizer:
    lr: 0.005
    type: SGD
    weight_decay: 0.0
  scheduler:
    type: 
    warmup_ratio: 0.0
trainer:
  disp_freq: 50
  local_entropy:
    alpha: 0.75
    eps: 0.0001
    gamma: 0.03
    inc_factor: 1.0
  sam:
    adaptive: False
    eta: 0.0
    rho: 1.0
  type: cvtrainer
  val_freq: 100000000
use_gpu: True
verbose: 1
vertical:
  use: False
wandb:
  use: False
2024-08-02 22:07:38,050 (utils:147) INFO: The device information file is not provided
2024-08-02 22:07:38,108 (fed_runner:173) INFO: Server has been set up ... 
2024-08-02 22:07:38,162 (context:231) WARNING: cur_split `None` not found in data_split, will use `train` split to calculate `ctx.var`.
2024-08-02 22:07:38,176 (fed_runner:225) INFO: Client 1 has been set up ... 
2024-08-02 22:07:38,231 (context:231) WARNING: cur_split `None` not found in data_split, will use `train` split to calculate `ctx.var`.
2024-08-02 22:07:38,246 (fed_runner:225) INFO: Client 2 has been set up ... 
2024-08-02 22:07:38,303 (context:231) WARNING: cur_split `None` not found in data_split, will use `train` split to calculate `ctx.var`.
2024-08-02 22:07:38,315 (fed_runner:225) INFO: Client 3 has been set up ... 
2024-08-02 22:07:38,368 (context:231) WARNING: cur_split `None` not found in data_split, will use `train` split to calculate `ctx.var`.
2024-08-02 22:07:38,382 (fed_runner:225) INFO: Client 4 has been set up ... 
2024-08-02 22:07:38,435 (context:231) WARNING: cur_split `None` not found in data_split, will use `train` split to calculate `ctx.var`.
2024-08-02 22:07:38,448 (fed_runner:225) INFO: Client 5 has been set up ... 
2024-08-02 22:07:38,502 (context:231) WARNING: cur_split `None` not found in data_split, will use `train` split to calculate `ctx.var`.
2024-08-02 22:07:38,515 (fed_runner:225) INFO: Client 6 has been set up ... 
2024-08-02 22:07:38,569 (context:231) WARNING: cur_split `None` not found in data_split, will use `train` split to calculate `ctx.var`.
2024-08-02 22:07:38,582 (fed_runner:225) INFO: Client 7 has been set up ... 
2024-08-02 22:07:38,639 (context:231) WARNING: cur_split `None` not found in data_split, will use `train` split to calculate `ctx.var`.
2024-08-02 22:07:38,652 (fed_runner:225) INFO: Client 8 has been set up ... 
2024-08-02 22:07:38,705 (context:231) WARNING: cur_split `None` not found in data_split, will use `train` split to calculate `ctx.var`.
2024-08-02 22:07:38,717 (fed_runner:225) INFO: Client 9 has been set up ... 
2024-08-02 22:07:38,771 (context:231) WARNING: cur_split `None` not found in data_split, will use `train` split to calculate `ctx.var`.
2024-08-02 22:07:38,785 (fed_runner:225) INFO: Client 10 has been set up ... 
2024-08-02 22:07:38,840 (context:231) WARNING: cur_split `None` not found in data_split, will use `train` split to calculate `ctx.var`.
2024-08-02 22:07:38,853 (fed_runner:225) INFO: Client 11 has been set up ... 
2024-08-02 22:07:38,908 (context:231) WARNING: cur_split `None` not found in data_split, will use `train` split to calculate `ctx.var`.
2024-08-02 22:07:38,922 (fed_runner:225) INFO: Client 12 has been set up ... 
2024-08-02 22:07:38,982 (context:231) WARNING: cur_split `None` not found in data_split, will use `train` split to calculate `ctx.var`.
2024-08-02 22:07:38,996 (fed_runner:225) INFO: Client 13 has been set up ... 
2024-08-02 22:07:39,052 (context:231) WARNING: cur_split `None` not found in data_split, will use `train` split to calculate `ctx.var`.
2024-08-02 22:07:39,066 (fed_runner:225) INFO: Client 14 has been set up ... 
2024-08-02 22:07:39,123 (context:231) WARNING: cur_split `None` not found in data_split, will use `train` split to calculate `ctx.var`.
2024-08-02 22:07:39,136 (fed_runner:225) INFO: Client 15 has been set up ... 
2024-08-02 22:07:39,189 (context:231) WARNING: cur_split `None` not found in data_split, will use `train` split to calculate `ctx.var`.
2024-08-02 22:07:39,202 (fed_runner:225) INFO: Client 16 has been set up ... 
2024-08-02 22:07:39,256 (context:231) WARNING: cur_split `None` not found in data_split, will use `train` split to calculate `ctx.var`.
2024-08-02 22:07:39,269 (fed_runner:225) INFO: Client 17 has been set up ... 
2024-08-02 22:07:39,323 (context:231) WARNING: cur_split `None` not found in data_split, will use `train` split to calculate `ctx.var`.
2024-08-02 22:07:39,337 (fed_runner:225) INFO: Client 18 has been set up ... 
2024-08-02 22:07:39,391 (context:231) WARNING: cur_split `None` not found in data_split, will use `train` split to calculate `ctx.var`.
2024-08-02 22:07:39,403 (fed_runner:225) INFO: Client 19 has been set up ... 
2024-08-02 22:07:39,457 (context:231) WARNING: cur_split `None` not found in data_split, will use `train` split to calculate `ctx.var`.
2024-08-02 22:07:39,470 (fed_runner:225) INFO: Client 20 has been set up ... 
2024-08-02 22:07:39,523 (context:231) WARNING: cur_split `None` not found in data_split, will use `train` split to calculate `ctx.var`.
2024-08-02 22:07:39,537 (fed_runner:225) INFO: Client 21 has been set up ... 
2024-08-02 22:07:39,591 (context:231) WARNING: cur_split `None` not found in data_split, will use `train` split to calculate `ctx.var`.
2024-08-02 22:07:39,604 (fed_runner:225) INFO: Client 22 has been set up ... 
2024-08-02 22:07:39,658 (context:231) WARNING: cur_split `None` not found in data_split, will use `train` split to calculate `ctx.var`.
2024-08-02 22:07:39,670 (fed_runner:225) INFO: Client 23 has been set up ... 
2024-08-02 22:07:39,726 (context:231) WARNING: cur_split `None` not found in data_split, will use `train` split to calculate `ctx.var`.
2024-08-02 22:07:39,740 (fed_runner:225) INFO: Client 24 has been set up ... 
2024-08-02 22:07:39,793 (context:231) WARNING: cur_split `None` not found in data_split, will use `train` split to calculate `ctx.var`.
2024-08-02 22:07:39,806 (fed_runner:225) INFO: Client 25 has been set up ... 
2024-08-02 22:07:39,860 (context:231) WARNING: cur_split `None` not found in data_split, will use `train` split to calculate `ctx.var`.
2024-08-02 22:07:39,873 (fed_runner:225) INFO: Client 26 has been set up ... 
2024-08-02 22:07:39,925 (context:231) WARNING: cur_split `None` not found in data_split, will use `train` split to calculate `ctx.var`.
2024-08-02 22:07:39,938 (fed_runner:225) INFO: Client 27 has been set up ... 
2024-08-02 22:07:39,996 (context:231) WARNING: cur_split `None` not found in data_split, will use `train` split to calculate `ctx.var`.
2024-08-02 22:07:40,011 (fed_runner:225) INFO: Client 28 has been set up ... 
2024-08-02 22:07:40,066 (context:231) WARNING: cur_split `None` not found in data_split, will use `train` split to calculate `ctx.var`.
2024-08-02 22:07:40,079 (fed_runner:225) INFO: Client 29 has been set up ... 
2024-08-02 22:07:40,137 (context:231) WARNING: cur_split `None` not found in data_split, will use `train` split to calculate `ctx.var`.
2024-08-02 22:07:40,151 (fed_runner:225) INFO: Client 30 has been set up ... 
2024-08-02 22:07:40,204 (context:231) WARNING: cur_split `None` not found in data_split, will use `train` split to calculate `ctx.var`.
2024-08-02 22:07:40,217 (fed_runner:225) INFO: Client 31 has been set up ... 
2024-08-02 22:07:40,271 (context:231) WARNING: cur_split `None` not found in data_split, will use `train` split to calculate `ctx.var`.
2024-08-02 22:07:40,284 (fed_runner:225) INFO: Client 32 has been set up ... 
2024-08-02 22:07:40,336 (context:231) WARNING: cur_split `None` not found in data_split, will use `train` split to calculate `ctx.var`.
2024-08-02 22:07:40,350 (fed_runner:225) INFO: Client 33 has been set up ... 
2024-08-02 22:07:40,405 (context:231) WARNING: cur_split `None` not found in data_split, will use `train` split to calculate `ctx.var`.
2024-08-02 22:07:40,418 (fed_runner:225) INFO: Client 34 has been set up ... 
2024-08-02 22:07:40,472 (context:231) WARNING: cur_split `None` not found in data_split, will use `train` split to calculate `ctx.var`.
2024-08-02 22:07:40,486 (fed_runner:225) INFO: Client 35 has been set up ... 
2024-08-02 22:07:40,539 (context:231) WARNING: cur_split `None` not found in data_split, will use `train` split to calculate `ctx.var`.
2024-08-02 22:07:40,553 (fed_runner:225) INFO: Client 36 has been set up ... 
2024-08-02 22:07:40,611 (context:231) WARNING: cur_split `None` not found in data_split, will use `train` split to calculate `ctx.var`.
2024-08-02 22:07:40,626 (fed_runner:225) INFO: Client 37 has been set up ... 
2024-08-02 22:07:40,680 (context:231) WARNING: cur_split `None` not found in data_split, will use `train` split to calculate `ctx.var`.
2024-08-02 22:07:40,692 (fed_runner:225) INFO: Client 38 has been set up ... 
2024-08-02 22:07:40,746 (context:231) WARNING: cur_split `None` not found in data_split, will use `train` split to calculate `ctx.var`.
2024-08-02 22:07:40,759 (fed_runner:225) INFO: Client 39 has been set up ... 
2024-08-02 22:07:40,812 (context:231) WARNING: cur_split `None` not found in data_split, will use `train` split to calculate `ctx.var`.
2024-08-02 22:07:40,825 (fed_runner:225) INFO: Client 40 has been set up ... 
2024-08-02 22:07:40,878 (context:231) WARNING: cur_split `None` not found in data_split, will use `train` split to calculate `ctx.var`.
2024-08-02 22:07:40,892 (fed_runner:225) INFO: Client 41 has been set up ... 
2024-08-02 22:07:40,948 (context:231) WARNING: cur_split `None` not found in data_split, will use `train` split to calculate `ctx.var`.
2024-08-02 22:07:40,962 (fed_runner:225) INFO: Client 42 has been set up ... 
2024-08-02 22:07:41,015 (context:231) WARNING: cur_split `None` not found in data_split, will use `train` split to calculate `ctx.var`.
2024-08-02 22:07:41,028 (fed_runner:225) INFO: Client 43 has been set up ... 
2024-08-02 22:07:41,096 (context:231) WARNING: cur_split `None` not found in data_split, will use `train` split to calculate `ctx.var`.
2024-08-02 22:07:41,111 (fed_runner:225) INFO: Client 44 has been set up ... 
2024-08-02 22:07:41,175 (context:231) WARNING: cur_split `None` not found in data_split, will use `train` split to calculate `ctx.var`.
2024-08-02 22:07:41,192 (fed_runner:225) INFO: Client 45 has been set up ... 
2024-08-02 22:07:41,251 (context:231) WARNING: cur_split `None` not found in data_split, will use `train` split to calculate `ctx.var`.
2024-08-02 22:07:41,264 (fed_runner:225) INFO: Client 46 has been set up ... 
2024-08-02 22:07:41,317 (context:231) WARNING: cur_split `None` not found in data_split, will use `train` split to calculate `ctx.var`.
2024-08-02 22:07:41,331 (fed_runner:225) INFO: Client 47 has been set up ... 
2024-08-02 22:07:41,383 (context:231) WARNING: cur_split `None` not found in data_split, will use `train` split to calculate `ctx.var`.
2024-08-02 22:07:41,397 (fed_runner:225) INFO: Client 48 has been set up ... 
2024-08-02 22:07:41,450 (context:231) WARNING: cur_split `None` not found in data_split, will use `train` split to calculate `ctx.var`.
2024-08-02 22:07:41,463 (fed_runner:225) INFO: Client 49 has been set up ... 
2024-08-02 22:07:41,517 (context:231) WARNING: cur_split `None` not found in data_split, will use `train` split to calculate `ctx.var`.
2024-08-02 22:07:41,529 (fed_runner:225) INFO: Client 50 has been set up ... 
2024-08-02 22:07:41,582 (context:231) WARNING: cur_split `None` not found in data_split, will use `train` split to calculate `ctx.var`.
2024-08-02 22:07:41,596 (fed_runner:225) INFO: Client 51 has been set up ... 
2024-08-02 22:07:41,649 (context:231) WARNING: cur_split `None` not found in data_split, will use `train` split to calculate `ctx.var`.
2024-08-02 22:07:41,662 (fed_runner:225) INFO: Client 52 has been set up ... 
2024-08-02 22:07:41,714 (context:231) WARNING: cur_split `None` not found in data_split, will use `train` split to calculate `ctx.var`.
2024-08-02 22:07:41,727 (fed_runner:225) INFO: Client 53 has been set up ... 
2024-08-02 22:07:41,781 (context:231) WARNING: cur_split `None` not found in data_split, will use `train` split to calculate `ctx.var`.
2024-08-02 22:07:41,794 (fed_runner:225) INFO: Client 54 has been set up ... 
2024-08-02 22:07:41,847 (context:231) WARNING: cur_split `None` not found in data_split, will use `train` split to calculate `ctx.var`.
2024-08-02 22:07:41,860 (fed_runner:225) INFO: Client 55 has been set up ... 
2024-08-02 22:07:41,913 (context:231) WARNING: cur_split `None` not found in data_split, will use `train` split to calculate `ctx.var`.
2024-08-02 22:07:41,927 (fed_runner:225) INFO: Client 56 has been set up ... 
2024-08-02 22:07:41,983 (context:231) WARNING: cur_split `None` not found in data_split, will use `train` split to calculate `ctx.var`.
2024-08-02 22:07:41,997 (fed_runner:225) INFO: Client 57 has been set up ... 
2024-08-02 22:07:42,054 (context:231) WARNING: cur_split `None` not found in data_split, will use `train` split to calculate `ctx.var`.
2024-08-02 22:07:42,068 (fed_runner:225) INFO: Client 58 has been set up ... 
2024-08-02 22:07:42,123 (context:231) WARNING: cur_split `None` not found in data_split, will use `train` split to calculate `ctx.var`.
2024-08-02 22:07:42,137 (fed_runner:225) INFO: Client 59 has been set up ... 
2024-08-02 22:07:42,197 (context:231) WARNING: cur_split `None` not found in data_split, will use `train` split to calculate `ctx.var`.
2024-08-02 22:07:42,212 (fed_runner:225) INFO: Client 60 has been set up ... 
2024-08-02 22:07:42,273 (context:231) WARNING: cur_split `None` not found in data_split, will use `train` split to calculate `ctx.var`.
2024-08-02 22:07:42,287 (fed_runner:225) INFO: Client 61 has been set up ... 
2024-08-02 22:07:42,345 (context:231) WARNING: cur_split `None` not found in data_split, will use `train` split to calculate `ctx.var`.
2024-08-02 22:07:42,358 (fed_runner:225) INFO: Client 62 has been set up ... 
2024-08-02 22:07:42,412 (context:231) WARNING: cur_split `None` not found in data_split, will use `train` split to calculate `ctx.var`.
2024-08-02 22:07:42,426 (fed_runner:225) INFO: Client 63 has been set up ... 
2024-08-02 22:07:42,481 (context:231) WARNING: cur_split `None` not found in data_split, will use `train` split to calculate `ctx.var`.
2024-08-02 22:07:42,496 (fed_runner:225) INFO: Client 64 has been set up ... 
2024-08-02 22:07:42,549 (context:231) WARNING: cur_split `None` not found in data_split, will use `train` split to calculate `ctx.var`.
2024-08-02 22:07:42,563 (fed_runner:225) INFO: Client 65 has been set up ... 
2024-08-02 22:07:42,618 (context:231) WARNING: cur_split `None` not found in data_split, will use `train` split to calculate `ctx.var`.
2024-08-02 22:07:42,632 (fed_runner:225) INFO: Client 66 has been set up ... 
2024-08-02 22:07:42,685 (context:231) WARNING: cur_split `None` not found in data_split, will use `train` split to calculate `ctx.var`.
2024-08-02 22:07:42,698 (fed_runner:225) INFO: Client 67 has been set up ... 
2024-08-02 22:07:42,752 (context:231) WARNING: cur_split `None` not found in data_split, will use `train` split to calculate `ctx.var`.
2024-08-02 22:07:42,765 (fed_runner:225) INFO: Client 68 has been set up ... 
2024-08-02 22:07:42,822 (context:231) WARNING: cur_split `None` not found in data_split, will use `train` split to calculate `ctx.var`.
2024-08-02 22:07:42,836 (fed_runner:225) INFO: Client 69 has been set up ... 
2024-08-02 22:07:42,891 (context:231) WARNING: cur_split `None` not found in data_split, will use `train` split to calculate `ctx.var`.
2024-08-02 22:07:42,904 (fed_runner:225) INFO: Client 70 has been set up ... 
2024-08-02 22:07:42,957 (context:231) WARNING: cur_split `None` not found in data_split, will use `train` split to calculate `ctx.var`.
2024-08-02 22:07:42,970 (fed_runner:225) INFO: Client 71 has been set up ... 
2024-08-02 22:07:43,024 (context:231) WARNING: cur_split `None` not found in data_split, will use `train` split to calculate `ctx.var`.
2024-08-02 22:07:43,041 (fed_runner:225) INFO: Client 72 has been set up ... 
2024-08-02 22:07:43,110 (context:231) WARNING: cur_split `None` not found in data_split, will use `train` split to calculate `ctx.var`.
2024-08-02 22:07:43,123 (fed_runner:225) INFO: Client 73 has been set up ... 
2024-08-02 22:07:43,179 (context:231) WARNING: cur_split `None` not found in data_split, will use `train` split to calculate `ctx.var`.
2024-08-02 22:07:43,193 (fed_runner:225) INFO: Client 74 has been set up ... 
2024-08-02 22:07:43,256 (context:231) WARNING: cur_split `None` not found in data_split, will use `train` split to calculate `ctx.var`.
2024-08-02 22:07:43,272 (fed_runner:225) INFO: Client 75 has been set up ... 
2024-08-02 22:07:43,334 (context:231) WARNING: cur_split `None` not found in data_split, will use `train` split to calculate `ctx.var`.
2024-08-02 22:07:43,350 (fed_runner:225) INFO: Client 76 has been set up ... 
2024-08-02 22:07:43,410 (context:231) WARNING: cur_split `None` not found in data_split, will use `train` split to calculate `ctx.var`.
2024-08-02 22:07:43,426 (fed_runner:225) INFO: Client 77 has been set up ... 
2024-08-02 22:07:43,488 (context:231) WARNING: cur_split `None` not found in data_split, will use `train` split to calculate `ctx.var`.
2024-08-02 22:07:43,503 (fed_runner:225) INFO: Client 78 has been set up ... 
2024-08-02 22:07:43,563 (context:231) WARNING: cur_split `None` not found in data_split, will use `train` split to calculate `ctx.var`.
2024-08-02 22:07:43,577 (fed_runner:225) INFO: Client 79 has been set up ... 
2024-08-02 22:07:43,632 (context:231) WARNING: cur_split `None` not found in data_split, will use `train` split to calculate `ctx.var`.
2024-08-02 22:07:43,644 (fed_runner:225) INFO: Client 80 has been set up ... 
2024-08-02 22:07:43,697 (context:231) WARNING: cur_split `None` not found in data_split, will use `train` split to calculate `ctx.var`.
2024-08-02 22:07:43,710 (fed_runner:225) INFO: Client 81 has been set up ... 
2024-08-02 22:07:43,764 (context:231) WARNING: cur_split `None` not found in data_split, will use `train` split to calculate `ctx.var`.
2024-08-02 22:07:43,777 (fed_runner:225) INFO: Client 82 has been set up ... 
2024-08-02 22:07:43,830 (context:231) WARNING: cur_split `None` not found in data_split, will use `train` split to calculate `ctx.var`.
2024-08-02 22:07:43,842 (fed_runner:225) INFO: Client 83 has been set up ... 
2024-08-02 22:07:43,899 (context:231) WARNING: cur_split `None` not found in data_split, will use `train` split to calculate `ctx.var`.
2024-08-02 22:07:43,913 (fed_runner:225) INFO: Client 84 has been set up ... 
2024-08-02 22:07:43,968 (context:231) WARNING: cur_split `None` not found in data_split, will use `train` split to calculate `ctx.var`.
2024-08-02 22:07:43,981 (fed_runner:225) INFO: Client 85 has been set up ... 
2024-08-02 22:07:44,037 (context:231) WARNING: cur_split `None` not found in data_split, will use `train` split to calculate `ctx.var`.
2024-08-02 22:07:44,051 (fed_runner:225) INFO: Client 86 has been set up ... 
2024-08-02 22:07:44,110 (context:231) WARNING: cur_split `None` not found in data_split, will use `train` split to calculate `ctx.var`.
2024-08-02 22:07:44,126 (fed_runner:225) INFO: Client 87 has been set up ... 
2024-08-02 22:07:44,181 (context:231) WARNING: cur_split `None` not found in data_split, will use `train` split to calculate `ctx.var`.
2024-08-02 22:07:44,194 (fed_runner:225) INFO: Client 88 has been set up ... 
2024-08-02 22:07:44,255 (context:231) WARNING: cur_split `None` not found in data_split, will use `train` split to calculate `ctx.var`.
2024-08-02 22:07:44,270 (fed_runner:225) INFO: Client 89 has been set up ... 
2024-08-02 22:07:44,331 (context:231) WARNING: cur_split `None` not found in data_split, will use `train` split to calculate `ctx.var`.
2024-08-02 22:07:44,347 (fed_runner:225) INFO: Client 90 has been set up ... 
2024-08-02 22:07:44,408 (context:231) WARNING: cur_split `None` not found in data_split, will use `train` split to calculate `ctx.var`.
2024-08-02 22:07:44,424 (fed_runner:225) INFO: Client 91 has been set up ... 
2024-08-02 22:07:44,486 (context:231) WARNING: cur_split `None` not found in data_split, will use `train` split to calculate `ctx.var`.
2024-08-02 22:07:44,503 (fed_runner:225) INFO: Client 92 has been set up ... 
2024-08-02 22:07:44,561 (context:231) WARNING: cur_split `None` not found in data_split, will use `train` split to calculate `ctx.var`.
2024-08-02 22:07:44,574 (fed_runner:225) INFO: Client 93 has been set up ... 
2024-08-02 22:07:44,631 (context:231) WARNING: cur_split `None` not found in data_split, will use `train` split to calculate `ctx.var`.
2024-08-02 22:07:44,645 (fed_runner:225) INFO: Client 94 has been set up ... 
2024-08-02 22:07:44,704 (context:231) WARNING: cur_split `None` not found in data_split, will use `train` split to calculate `ctx.var`.
2024-08-02 22:07:44,719 (fed_runner:225) INFO: Client 95 has been set up ... 
2024-08-02 22:07:44,774 (context:231) WARNING: cur_split `None` not found in data_split, will use `train` split to calculate `ctx.var`.
2024-08-02 22:07:44,789 (fed_runner:225) INFO: Client 96 has been set up ... 
2024-08-02 22:07:44,843 (context:231) WARNING: cur_split `None` not found in data_split, will use `train` split to calculate `ctx.var`.
2024-08-02 22:07:44,857 (fed_runner:225) INFO: Client 97 has been set up ... 
2024-08-02 22:07:44,917 (context:231) WARNING: cur_split `None` not found in data_split, will use `train` split to calculate `ctx.var`.
2024-08-02 22:07:44,931 (fed_runner:225) INFO: Client 98 has been set up ... 
2024-08-02 22:07:44,987 (context:231) WARNING: cur_split `None` not found in data_split, will use `train` split to calculate `ctx.var`.
2024-08-02 22:07:45,001 (fed_runner:225) INFO: Client 99 has been set up ... 
2024-08-02 22:07:45,057 (context:231) WARNING: cur_split `None` not found in data_split, will use `train` split to calculate `ctx.var`.
2024-08-02 22:07:45,071 (fed_runner:225) INFO: Client 100 has been set up ... 
2024-08-02 22:07:45,179 (context:231) WARNING: cur_split `None` not found in data_split, will use `train` split to calculate `ctx.var`.
2024-08-02 22:07:45,193 (fed_runner:225) INFO: Client 101 has been set up ... 
2024-08-02 22:07:45,332 (context:231) WARNING: cur_split `None` not found in data_split, will use `train` split to calculate `ctx.var`.
2024-08-02 22:07:45,461 (fed_runner:225) INFO: Client 102 has been set up ... 
2024-08-02 22:07:45,593 (context:231) WARNING: cur_split `None` not found in data_split, will use `train` split to calculate `ctx.var`.
2024-08-02 22:07:45,620 (fed_runner:225) INFO: Client 103 has been set up ... 
2024-08-02 22:07:45,736 (context:231) WARNING: cur_split `None` not found in data_split, will use `train` split to calculate `ctx.var`.
2024-08-02 22:07:45,790 (fed_runner:225) INFO: Client 104 has been set up ... 
2024-08-02 22:07:45,995 (context:231) WARNING: cur_split `None` not found in data_split, will use `train` split to calculate `ctx.var`.
2024-08-02 22:07:46,093 (fed_runner:225) INFO: Client 105 has been set up ... 
2024-08-02 22:07:46,302 (context:231) WARNING: cur_split `None` not found in data_split, will use `train` split to calculate `ctx.var`.
2024-08-02 22:07:46,389 (fed_runner:225) INFO: Client 106 has been set up ... 
2024-08-02 22:07:46,605 (context:231) WARNING: cur_split `None` not found in data_split, will use `train` split to calculate `ctx.var`.
2024-08-02 22:07:46,693 (fed_runner:225) INFO: Client 107 has been set up ... 
2024-08-02 22:07:46,898 (context:231) WARNING: cur_split `None` not found in data_split, will use `train` split to calculate `ctx.var`.
2024-08-02 22:07:47,000 (fed_runner:225) INFO: Client 108 has been set up ... 
2024-08-02 22:07:47,206 (context:231) WARNING: cur_split `None` not found in data_split, will use `train` split to calculate `ctx.var`.
2024-08-02 22:07:47,311 (fed_runner:225) INFO: Client 109 has been set up ... 
2024-08-02 22:07:47,523 (context:231) WARNING: cur_split `None` not found in data_split, will use `train` split to calculate `ctx.var`.
2024-08-02 22:07:47,624 (fed_runner:225) INFO: Client 110 has been set up ... 
2024-08-02 22:07:47,820 (context:231) WARNING: cur_split `None` not found in data_split, will use `train` split to calculate `ctx.var`.
2024-08-02 22:07:47,906 (fed_runner:225) INFO: Client 111 has been set up ... 
2024-08-02 22:07:48,110 (context:231) WARNING: cur_split `None` not found in data_split, will use `train` split to calculate `ctx.var`.
2024-08-02 22:07:48,190 (fed_runner:225) INFO: Client 112 has been set up ... 
2024-08-02 22:07:48,392 (context:231) WARNING: cur_split `None` not found in data_split, will use `train` split to calculate `ctx.var`.
2024-08-02 22:07:48,470 (fed_runner:225) INFO: Client 113 has been set up ... 
2024-08-02 22:07:48,642 (context:231) WARNING: cur_split `None` not found in data_split, will use `train` split to calculate `ctx.var`.
2024-08-02 22:07:48,716 (fed_runner:225) INFO: Client 114 has been set up ... 
2024-08-02 22:07:48,914 (context:231) WARNING: cur_split `None` not found in data_split, will use `train` split to calculate `ctx.var`.
2024-08-02 22:07:48,965 (fed_runner:225) INFO: Client 115 has been set up ... 
2024-08-02 22:07:49,031 (context:231) WARNING: cur_split `None` not found in data_split, will use `train` split to calculate `ctx.var`.
2024-08-02 22:07:49,048 (fed_runner:225) INFO: Client 116 has been set up ... 
2024-08-02 22:07:49,108 (context:231) WARNING: cur_split `None` not found in data_split, will use `train` split to calculate `ctx.var`.
2024-08-02 22:07:49,124 (fed_runner:225) INFO: Client 117 has been set up ... 
2024-08-02 22:07:49,181 (context:231) WARNING: cur_split `None` not found in data_split, will use `train` split to calculate `ctx.var`.
2024-08-02 22:07:49,195 (fed_runner:225) INFO: Client 118 has been set up ... 
2024-08-02 22:07:49,253 (context:231) WARNING: cur_split `None` not found in data_split, will use `train` split to calculate `ctx.var`.
2024-08-02 22:07:49,272 (fed_runner:225) INFO: Client 119 has been set up ... 
2024-08-02 22:07:49,332 (context:231) WARNING: cur_split `None` not found in data_split, will use `train` split to calculate `ctx.var`.
2024-08-02 22:07:49,347 (fed_runner:225) INFO: Client 120 has been set up ... 
2024-08-02 22:07:49,407 (context:231) WARNING: cur_split `None` not found in data_split, will use `train` split to calculate `ctx.var`.
2024-08-02 22:07:49,426 (fed_runner:225) INFO: Client 121 has been set up ... 
2024-08-02 22:07:49,486 (context:231) WARNING: cur_split `None` not found in data_split, will use `train` split to calculate `ctx.var`.
2024-08-02 22:07:49,502 (fed_runner:225) INFO: Client 122 has been set up ... 
2024-08-02 22:07:49,563 (context:231) WARNING: cur_split `None` not found in data_split, will use `train` split to calculate `ctx.var`.
2024-08-02 22:07:49,579 (fed_runner:225) INFO: Client 123 has been set up ... 
2024-08-02 22:07:49,640 (context:231) WARNING: cur_split `None` not found in data_split, will use `train` split to calculate `ctx.var`.
2024-08-02 22:07:49,657 (fed_runner:225) INFO: Client 124 has been set up ... 
2024-08-02 22:07:49,716 (context:231) WARNING: cur_split `None` not found in data_split, will use `train` split to calculate `ctx.var`.
2024-08-02 22:07:49,736 (fed_runner:225) INFO: Client 125 has been set up ... 
2024-08-02 22:07:49,815 (context:231) WARNING: cur_split `None` not found in data_split, will use `train` split to calculate `ctx.var`.
2024-08-02 22:07:49,851 (fed_runner:225) INFO: Client 126 has been set up ... 
2024-08-02 22:07:49,940 (context:231) WARNING: cur_split `None` not found in data_split, will use `train` split to calculate `ctx.var`.
2024-08-02 22:07:49,998 (fed_runner:225) INFO: Client 127 has been set up ... 
2024-08-02 22:07:50,104 (context:231) WARNING: cur_split `None` not found in data_split, will use `train` split to calculate `ctx.var`.
2024-08-02 22:07:50,147 (fed_runner:225) INFO: Client 128 has been set up ... 
2024-08-02 22:07:50,252 (context:231) WARNING: cur_split `None` not found in data_split, will use `train` split to calculate `ctx.var`.
2024-08-02 22:07:50,288 (fed_runner:225) INFO: Client 129 has been set up ... 
2024-08-02 22:07:50,388 (context:231) WARNING: cur_split `None` not found in data_split, will use `train` split to calculate `ctx.var`.
2024-08-02 22:07:50,433 (fed_runner:225) INFO: Client 130 has been set up ... 
2024-08-02 22:07:50,537 (context:231) WARNING: cur_split `None` not found in data_split, will use `train` split to calculate `ctx.var`.
2024-08-02 22:07:50,578 (fed_runner:225) INFO: Client 131 has been set up ... 
2024-08-02 22:07:50,686 (context:231) WARNING: cur_split `None` not found in data_split, will use `train` split to calculate `ctx.var`.
2024-08-02 22:07:50,733 (fed_runner:225) INFO: Client 132 has been set up ... 
2024-08-02 22:07:50,849 (context:231) WARNING: cur_split `None` not found in data_split, will use `train` split to calculate `ctx.var`.
2024-08-02 22:07:50,902 (fed_runner:225) INFO: Client 133 has been set up ... 
2024-08-02 22:07:51,021 (context:231) WARNING: cur_split `None` not found in data_split, will use `train` split to calculate `ctx.var`.
2024-08-02 22:07:51,086 (fed_runner:225) INFO: Client 134 has been set up ... 
2024-08-02 22:07:51,241 (context:231) WARNING: cur_split `None` not found in data_split, will use `train` split to calculate `ctx.var`.
2024-08-02 22:07:51,297 (fed_runner:225) INFO: Client 135 has been set up ... 
2024-08-02 22:07:51,442 (context:231) WARNING: cur_split `None` not found in data_split, will use `train` split to calculate `ctx.var`.
2024-08-02 22:07:51,493 (fed_runner:225) INFO: Client 136 has been set up ... 
2024-08-02 22:07:51,639 (context:231) WARNING: cur_split `None` not found in data_split, will use `train` split to calculate `ctx.var`.
2024-08-02 22:07:51,698 (fed_runner:225) INFO: Client 137 has been set up ... 
2024-08-02 22:07:51,823 (context:231) WARNING: cur_split `None` not found in data_split, will use `train` split to calculate `ctx.var`.
2024-08-02 22:07:51,908 (fed_runner:225) INFO: Client 138 has been set up ... 
2024-08-02 22:07:52,030 (context:231) WARNING: cur_split `None` not found in data_split, will use `train` split to calculate `ctx.var`.
2024-08-02 22:07:52,098 (fed_runner:225) INFO: Client 139 has been set up ... 
2024-08-02 22:07:52,218 (context:231) WARNING: cur_split `None` not found in data_split, will use `train` split to calculate `ctx.var`.
2024-08-02 22:07:52,269 (fed_runner:225) INFO: Client 140 has been set up ... 
2024-08-02 22:07:52,391 (context:231) WARNING: cur_split `None` not found in data_split, will use `train` split to calculate `ctx.var`.
2024-08-02 22:07:52,442 (fed_runner:225) INFO: Client 141 has been set up ... 
2024-08-02 22:07:52,550 (context:231) WARNING: cur_split `None` not found in data_split, will use `train` split to calculate `ctx.var`.
2024-08-02 22:07:52,600 (fed_runner:225) INFO: Client 142 has been set up ... 
2024-08-02 22:07:52,707 (context:231) WARNING: cur_split `None` not found in data_split, will use `train` split to calculate `ctx.var`.
2024-08-02 22:07:52,755 (fed_runner:225) INFO: Client 143 has been set up ... 
2024-08-02 22:07:52,895 (context:231) WARNING: cur_split `None` not found in data_split, will use `train` split to calculate `ctx.var`.
2024-08-02 22:07:52,955 (fed_runner:225) INFO: Client 144 has been set up ... 
2024-08-02 22:07:53,076 (context:231) WARNING: cur_split `None` not found in data_split, will use `train` split to calculate `ctx.var`.
2024-08-02 22:07:53,134 (fed_runner:225) INFO: Client 145 has been set up ... 
2024-08-02 22:07:53,279 (context:231) WARNING: cur_split `None` not found in data_split, will use `train` split to calculate `ctx.var`.
2024-08-02 22:07:53,333 (fed_runner:225) INFO: Client 146 has been set up ... 
2024-08-02 22:07:53,436 (context:231) WARNING: cur_split `None` not found in data_split, will use `train` split to calculate `ctx.var`.
2024-08-02 22:07:53,497 (fed_runner:225) INFO: Client 147 has been set up ... 
2024-08-02 22:07:53,578 (context:231) WARNING: cur_split `None` not found in data_split, will use `train` split to calculate `ctx.var`.
2024-08-02 22:07:53,607 (fed_runner:225) INFO: Client 148 has been set up ... 
2024-08-02 22:07:53,691 (context:231) WARNING: cur_split `None` not found in data_split, will use `train` split to calculate `ctx.var`.
2024-08-02 22:07:53,724 (fed_runner:225) INFO: Client 149 has been set up ... 
2024-08-02 22:07:53,816 (context:231) WARNING: cur_split `None` not found in data_split, will use `train` split to calculate `ctx.var`.
2024-08-02 22:07:53,861 (fed_runner:225) INFO: Client 150 has been set up ... 
2024-08-02 22:07:53,943 (context:231) WARNING: cur_split `None` not found in data_split, will use `train` split to calculate `ctx.var`.
2024-08-02 22:07:53,993 (fed_runner:225) INFO: Client 151 has been set up ... 
2024-08-02 22:07:54,077 (context:231) WARNING: cur_split `None` not found in data_split, will use `train` split to calculate `ctx.var`.
2024-08-02 22:07:54,153 (fed_runner:225) INFO: Client 152 has been set up ... 
2024-08-02 22:07:54,249 (context:231) WARNING: cur_split `None` not found in data_split, will use `train` split to calculate `ctx.var`.
2024-08-02 22:07:54,320 (fed_runner:225) INFO: Client 153 has been set up ... 
2024-08-02 22:07:54,418 (context:231) WARNING: cur_split `None` not found in data_split, will use `train` split to calculate `ctx.var`.
2024-08-02 22:07:54,804 (fed_runner:225) INFO: Client 154 has been set up ... 
2024-08-02 22:07:54,886 (context:231) WARNING: cur_split `None` not found in data_split, will use `train` split to calculate `ctx.var`.
2024-08-02 22:07:55,374 (fed_runner:225) INFO: Client 155 has been set up ... 
2024-08-02 22:07:55,499 (context:231) WARNING: cur_split `None` not found in data_split, will use `train` split to calculate `ctx.var`.
2024-08-02 22:07:55,974 (fed_runner:225) INFO: Client 156 has been set up ... 
2024-08-02 22:07:56,062 (context:231) WARNING: cur_split `None` not found in data_split, will use `train` split to calculate `ctx.var`.
2024-08-02 22:07:56,350 (fed_runner:225) INFO: Client 157 has been set up ... 
2024-08-02 22:07:56,461 (context:231) WARNING: cur_split `None` not found in data_split, will use `train` split to calculate `ctx.var`.
2024-08-02 22:07:56,699 (fed_runner:225) INFO: Client 158 has been set up ... 
2024-08-02 22:07:56,857 (context:231) WARNING: cur_split `None` not found in data_split, will use `train` split to calculate `ctx.var`.
2024-08-02 22:07:57,223 (fed_runner:225) INFO: Client 159 has been set up ... 
2024-08-02 22:07:57,394 (context:231) WARNING: cur_split `None` not found in data_split, will use `train` split to calculate `ctx.var`.
2024-08-02 22:07:57,880 (fed_runner:225) INFO: Client 160 has been set up ... 
2024-08-02 22:07:58,010 (context:231) WARNING: cur_split `None` not found in data_split, will use `train` split to calculate `ctx.var`.
2024-08-02 22:07:58,422 (fed_runner:225) INFO: Client 161 has been set up ... 
2024-08-02 22:07:58,559 (context:231) WARNING: cur_split `None` not found in data_split, will use `train` split to calculate `ctx.var`.
2024-08-02 22:07:58,778 (fed_runner:225) INFO: Client 162 has been set up ... 
2024-08-02 22:07:58,891 (context:231) WARNING: cur_split `None` not found in data_split, will use `train` split to calculate `ctx.var`.
2024-08-02 22:07:59,311 (fed_runner:225) INFO: Client 163 has been set up ... 
2024-08-02 22:07:59,396 (context:231) WARNING: cur_split `None` not found in data_split, will use `train` split to calculate `ctx.var`.
2024-08-02 22:07:59,646 (fed_runner:225) INFO: Client 164 has been set up ... 
2024-08-02 22:07:59,790 (context:231) WARNING: cur_split `None` not found in data_split, will use `train` split to calculate `ctx.var`.
2024-08-02 22:08:00,086 (fed_runner:225) INFO: Client 165 has been set up ... 
2024-08-02 22:08:00,380 (context:231) WARNING: cur_split `None` not found in data_split, will use `train` split to calculate `ctx.var`.
2024-08-02 22:08:00,897 (fed_runner:225) INFO: Client 166 has been set up ... 
2024-08-02 22:08:01,104 (context:231) WARNING: cur_split `None` not found in data_split, will use `train` split to calculate `ctx.var`.
2024-08-02 22:08:01,584 (fed_runner:225) INFO: Client 167 has been set up ... 
2024-08-02 22:08:01,720 (context:231) WARNING: cur_split `None` not found in data_split, will use `train` split to calculate `ctx.var`.
2024-08-02 22:08:02,012 (fed_runner:225) INFO: Client 168 has been set up ... 
2024-08-02 22:08:02,125 (context:231) WARNING: cur_split `None` not found in data_split, will use `train` split to calculate `ctx.var`.
2024-08-02 22:08:02,268 (fed_runner:225) INFO: Client 169 has been set up ... 
2024-08-02 22:08:02,556 (context:231) WARNING: cur_split `None` not found in data_split, will use `train` split to calculate `ctx.var`.
2024-08-02 22:08:02,941 (fed_runner:225) INFO: Client 170 has been set up ... 
2024-08-02 22:08:03,087 (context:231) WARNING: cur_split `None` not found in data_split, will use `train` split to calculate `ctx.var`.
2024-08-02 22:08:03,744 (fed_runner:225) INFO: Client 171 has been set up ... 
2024-08-02 22:08:03,827 (context:231) WARNING: cur_split `None` not found in data_split, will use `train` split to calculate `ctx.var`.
2024-08-02 22:08:04,010 (fed_runner:225) INFO: Client 172 has been set up ... 
2024-08-02 22:08:04,090 (context:231) WARNING: cur_split `None` not found in data_split, will use `train` split to calculate `ctx.var`.
2024-08-02 22:08:04,439 (fed_runner:225) INFO: Client 173 has been set up ... 
2024-08-02 22:08:04,559 (context:231) WARNING: cur_split `None` not found in data_split, will use `train` split to calculate `ctx.var`.
2024-08-02 22:08:04,930 (fed_runner:225) INFO: Client 174 has been set up ... 
2024-08-02 22:08:05,135 (context:231) WARNING: cur_split `None` not found in data_split, will use `train` split to calculate `ctx.var`.
2024-08-02 22:08:05,446 (fed_runner:225) INFO: Client 175 has been set up ... 
2024-08-02 22:08:05,519 (context:231) WARNING: cur_split `None` not found in data_split, will use `train` split to calculate `ctx.var`.
2024-08-02 22:08:05,883 (fed_runner:225) INFO: Client 176 has been set up ... 
2024-08-02 22:08:06,003 (context:231) WARNING: cur_split `None` not found in data_split, will use `train` split to calculate `ctx.var`.
2024-08-02 22:08:06,665 (fed_runner:225) INFO: Client 177 has been set up ... 
2024-08-02 22:08:06,848 (context:231) WARNING: cur_split `None` not found in data_split, will use `train` split to calculate `ctx.var`.
2024-08-02 22:08:06,869 (fed_runner:225) INFO: Client 178 has been set up ... 
2024-08-02 22:08:06,965 (context:231) WARNING: cur_split `None` not found in data_split, will use `train` split to calculate `ctx.var`.
2024-08-02 22:08:06,988 (fed_runner:225) INFO: Client 179 has been set up ... 
2024-08-02 22:08:07,078 (context:231) WARNING: cur_split `None` not found in data_split, will use `train` split to calculate `ctx.var`.
2024-08-02 22:08:07,115 (fed_runner:225) INFO: Client 180 has been set up ... 
2024-08-02 22:08:07,202 (context:231) WARNING: cur_split `None` not found in data_split, will use `train` split to calculate `ctx.var`.
2024-08-02 22:08:07,236 (fed_runner:225) INFO: Client 181 has been set up ... 
2024-08-02 22:08:07,384 (context:231) WARNING: cur_split `None` not found in data_split, will use `train` split to calculate `ctx.var`.
2024-08-02 22:08:07,473 (fed_runner:225) INFO: Client 182 has been set up ... 
2024-08-02 22:08:07,634 (context:231) WARNING: cur_split `None` not found in data_split, will use `train` split to calculate `ctx.var`.
2024-08-02 22:08:07,833 (fed_runner:225) INFO: Client 183 has been set up ... 
2024-08-02 22:08:08,059 (context:231) WARNING: cur_split `None` not found in data_split, will use `train` split to calculate `ctx.var`.
2024-08-02 22:08:08,528 (fed_runner:225) INFO: Client 184 has been set up ... 
2024-08-02 22:08:08,715 (context:231) WARNING: cur_split `None` not found in data_split, will use `train` split to calculate `ctx.var`.
2024-08-02 22:08:08,853 (fed_runner:225) INFO: Client 185 has been set up ... 
2024-08-02 22:08:08,973 (context:231) WARNING: cur_split `None` not found in data_split, will use `train` split to calculate `ctx.var`.
2024-08-02 22:08:09,457 (fed_runner:225) INFO: Client 186 has been set up ... 
2024-08-02 22:08:09,728 (context:231) WARNING: cur_split `None` not found in data_split, will use `train` split to calculate `ctx.var`.
2024-08-02 22:08:09,806 (fed_runner:225) INFO: Client 187 has been set up ... 
2024-08-02 22:08:09,961 (context:231) WARNING: cur_split `None` not found in data_split, will use `train` split to calculate `ctx.var`.
2024-08-02 22:08:10,213 (fed_runner:225) INFO: Client 188 has been set up ... 
2024-08-02 22:08:10,330 (context:231) WARNING: cur_split `None` not found in data_split, will use `train` split to calculate `ctx.var`.
2024-08-02 22:08:10,670 (fed_runner:225) INFO: Client 189 has been set up ... 
2024-08-02 22:08:10,765 (context:231) WARNING: cur_split `None` not found in data_split, will use `train` split to calculate `ctx.var`.
2024-08-02 22:08:11,217 (fed_runner:225) INFO: Client 190 has been set up ... 
2024-08-02 22:08:11,316 (context:231) WARNING: cur_split `None` not found in data_split, will use `train` split to calculate `ctx.var`.
2024-08-02 22:08:11,804 (fed_runner:225) INFO: Client 191 has been set up ... 
2024-08-02 22:08:11,918 (context:231) WARNING: cur_split `None` not found in data_split, will use `train` split to calculate `ctx.var`.
2024-08-02 22:08:12,178 (fed_runner:225) INFO: Client 192 has been set up ... 
2024-08-02 22:08:12,382 (context:231) WARNING: cur_split `None` not found in data_split, will use `train` split to calculate `ctx.var`.
2024-08-02 22:08:12,745 (fed_runner:225) INFO: Client 193 has been set up ... 
2024-08-02 22:08:12,982 (context:231) WARNING: cur_split `None` not found in data_split, will use `train` split to calculate `ctx.var`.
2024-08-02 22:08:13,340 (fed_runner:225) INFO: Client 194 has been set up ... 
2024-08-02 22:08:13,543 (context:231) WARNING: cur_split `None` not found in data_split, will use `train` split to calculate `ctx.var`.
2024-08-02 22:08:13,978 (fed_runner:225) INFO: Client 195 has been set up ... 
2024-08-02 22:08:14,078 (context:231) WARNING: cur_split `None` not found in data_split, will use `train` split to calculate `ctx.var`.
2024-08-02 22:08:14,489 (fed_runner:225) INFO: Client 196 has been set up ... 
2024-08-02 22:08:14,612 (context:231) WARNING: cur_split `None` not found in data_split, will use `train` split to calculate `ctx.var`.
2024-08-02 22:08:15,160 (fed_runner:225) INFO: Client 197 has been set up ... 
2024-08-02 22:08:15,253 (context:231) WARNING: cur_split `None` not found in data_split, will use `train` split to calculate `ctx.var`.
2024-08-02 22:08:15,390 (fed_runner:225) INFO: Client 198 has been set up ... 
2024-08-02 22:08:15,479 (context:231) WARNING: cur_split `None` not found in data_split, will use `train` split to calculate `ctx.var`.
2024-08-02 22:08:15,756 (fed_runner:225) INFO: Client 199 has been set up ... 
2024-08-02 22:08:15,846 (context:231) WARNING: cur_split `None` not found in data_split, will use `train` split to calculate `ctx.var`.
2024-08-02 22:08:16,240 (fed_runner:225) INFO: Client 200 has been set up ... 
2024-08-02 22:08:16,241 (trainer:345) INFO: Model meta-info: <class 'federatedscope.cv.model.cnn.ConvNet2'>.
2024-08-02 22:08:16,244 (trainer:353) INFO: Num of original para names: 18.
2024-08-02 22:08:16,244 (trainer:354) INFO: Num of original trainable para names: 12.
2024-08-02 22:08:16,244 (trainer:356) INFO: Num of preserved para names in local update: 12. 
Preserved para names in local update: {'fc1.bias', 'bn1.weight', 'fc2.weight', 'conv1.bias', 'conv1.weight', 'bn2.weight', 'fc1.weight', 'conv2.bias', 'fc2.bias', 'bn1.bias', 'bn2.bias', 'conv2.weight'}.
2024-08-02 22:08:16,244 (trainer:360) INFO: Num of filtered para names in local update: 6. 
Filtered para names in local update: {'bn1.num_batches_tracked', 'bn1.running_mean', 'bn1.running_var', 'bn2.running_var', 'bn2.running_mean', 'bn2.num_batches_tracked'}.
2024-08-02 22:08:16,245 (trainer:365) INFO: After register default hooks,
	the hooks_in_train is:
	{
	  "on_fit_start": [
	    "_hook_on_fit_start_set_regularized_para",
	    "_hook_on_data_parallel_init",
	    "_hook_on_fit_start_init",
	    "_hook_on_fit_start_calculate_model_size",
	    "_hook_on_fit_start_clean"
	  ],
	  "on_epoch_start": [
	    "_hook_on_epoch_start"
	  ],
	  "on_batch_start": [
	    "_hook_on_batch_start_switch_model",
	    "_hook_on_batch_start_init"
	  ],
	  "on_batch_forward": [
	    "_hook_on_batch_forward",
	    "_hook_on_batch_forward_regularizer",
	    "_hook_on_batch_forward_flop_count",
	    "_hook_on_batch_forward_cnt_num"
	  ],
	  "on_batch_backward": [
	    "_hook_on_batch_backward"
	  ],
	  "on_batch_end": [
	    "_hook_on_batch_end",
	    "_hook_on_batch_end_flop_count"
	  ],
	  "on_fit_end": [
	    "_hook_on_fit_end",
	    "_hook_on_fit_end_calibrate",
	    "_hook_on_fit_end_free_cuda"
	  ]
	};
	the hooks_in_eval is:
            t{
	  "on_fit_start": [
	    "_hook_on_fit_start_switch_local_model",
	    "_hook_on_data_parallel_init",
	    "_hook_on_fit_start_init"
	  ],
	  "on_epoch_start": [
	    "_hook_on_epoch_start"
	  ],
	  "on_batch_start": [
	    "_hook_on_batch_start_init"
	  ],
	  "on_batch_forward": [
	    "_hook_on_batch_forward"
	  ],
	  "on_batch_end": [
	    "_hook_on_batch_end"
	  ],
	  "on_fit_end": [
	    "_hook_on_fit_end",
	    "_hook_on_fit_end_switch_global_model",
	    "_hook_on_fit_end_free_cuda"
	  ]
	}
2024-08-02 22:08:16,476 (server:843) INFO: ----------- Starting training (Round #0) -------------
2024-08-02 22:08:18,528 (client:354) INFO: {'Role': 'Client #59', 'Round': 0, 'Results_raw': {'train_correct': 13.0, 'train_loss': 1387.161136, 'train_avg_loss': 4.032445, 'train_total': 258, 'train_acc': 0.037791, 'train_total_local_model': 86}}
2024-08-02 22:08:18,787 (client:354) INFO: {'Role': 'Client #41', 'Round': 0, 'Results_raw': {'train_correct': 22.0, 'train_loss': 1449.164119, 'train_avg_loss': 3.98122, 'train_total': 273, 'train_acc': 0.06044, 'train_total_local_model': 91}}
2024-08-02 22:08:19,059 (client:354) INFO: {'Role': 'Client #35', 'Round': 0, 'Results_raw': {'train_correct': 20.0, 'train_loss': 1673.894076, 'train_avg_loss': 3.947863, 'train_total': 318, 'train_acc': 0.04717, 'train_total_local_model': 106}}
2024-08-02 22:08:19,228 (client:354) INFO: {'Role': 'Client #103', 'Round': 0, 'Results_raw': {'train_correct': 36.0, 'train_loss': 1626.134449, 'train_avg_loss': 3.985624, 'train_total': 306, 'train_acc': 0.088235, 'train_total_local_model': 102}}
2024-08-02 22:08:19,350 (client:354) INFO: {'Role': 'Client #185', 'Round': 0, 'Results_raw': {'train_correct': 29.0, 'train_loss': 1611.410371, 'train_avg_loss': 3.949535, 'train_total': 306, 'train_acc': 0.071078, 'train_total_local_model': 102}}
2024-08-02 22:08:19,478 (client:354) INFO: {'Role': 'Client #199', 'Round': 0, 'Results_raw': {'train_correct': 21.0, 'train_loss': 1713.893241, 'train_avg_loss': 3.967345, 'train_total': 324, 'train_acc': 0.048611, 'train_total_local_model': 108}}
2024-08-02 22:08:19,747 (client:354) INFO: {'Role': 'Client #96', 'Round': 0, 'Results_raw': {'train_correct': 16.0, 'train_loss': 1685.783851, 'train_avg_loss': 3.975905, 'train_total': 318, 'train_acc': 0.037736, 'train_total_local_model': 106}}
2024-08-02 22:08:20,040 (client:354) INFO: {'Role': 'Client #5', 'Round': 0, 'Results_raw': {'train_correct': 20.0, 'train_loss': 1435.60667, 'train_avg_loss': 3.987796, 'train_total': 270, 'train_acc': 0.055556, 'train_total_local_model': 90}}
2024-08-02 22:08:20,289 (client:354) INFO: {'Role': 'Client #30', 'Round': 0, 'Results_raw': {'train_correct': 31.0, 'train_loss': 1627.042236, 'train_avg_loss': 3.987849, 'train_total': 306, 'train_acc': 0.07598, 'train_total_local_model': 102}}
2024-08-02 22:08:20,424 (client:354) INFO: {'Role': 'Client #169', 'Round': 0, 'Results_raw': {'train_correct': 22.0, 'train_loss': 1541.765723, 'train_avg_loss': 3.973623, 'train_total': 291, 'train_acc': 0.056701, 'train_total_local_model': 97}}
2024-08-02 22:08:20,577 (client:354) INFO: {'Role': 'Client #172', 'Round': 0, 'Results_raw': {'train_correct': 25.0, 'train_loss': 1722.47999, 'train_avg_loss': 3.950642, 'train_total': 327, 'train_acc': 0.057339, 'train_total_local_model': 109}}
2024-08-02 22:08:20,838 (client:354) INFO: {'Role': 'Client #19', 'Round': 0, 'Results_raw': {'train_correct': 21.0, 'train_loss': 1591.520282, 'train_avg_loss': 3.978801, 'train_total': 300, 'train_acc': 0.0525, 'train_total_local_model': 100}}
2024-08-02 22:08:21,156 (client:354) INFO: {'Role': 'Client #12', 'Round': 0, 'Results_raw': {'train_correct': 28.0, 'train_loss': 1668.215148, 'train_avg_loss': 3.971941, 'train_total': 315, 'train_acc': 0.066667, 'train_total_local_model': 105}}
2024-08-02 22:08:21,432 (client:354) INFO: {'Role': 'Client #90', 'Round': 0, 'Results_raw': {'train_correct': 31.0, 'train_loss': 1561.65158, 'train_avg_loss': 3.983805, 'train_total': 294, 'train_acc': 0.079082, 'train_total_local_model': 98}}
2024-08-02 22:08:21,675 (client:354) INFO: {'Role': 'Client #111', 'Round': 0, 'Results_raw': {'train_correct': 33.0, 'train_loss': 1729.636726, 'train_avg_loss': 3.930993, 'train_total': 330, 'train_acc': 0.075, 'train_total_local_model': 110}}
2024-08-02 22:08:21,894 (client:354) INFO: {'Role': 'Client #119', 'Round': 0, 'Results_raw': {'train_correct': 36.0, 'train_loss': 1631.047039, 'train_avg_loss': 3.958852, 'train_total': 309, 'train_acc': 0.087379, 'train_total_local_model': 103}}
2024-08-02 22:08:22,050 (client:354) INFO: {'Role': 'Client #160', 'Round': 0, 'Results_raw': {'train_correct': 23.0, 'train_loss': 1456.004561, 'train_avg_loss': 4.000013, 'train_total': 273, 'train_acc': 0.063187, 'train_total_local_model': 91}}
2024-08-02 22:08:22,328 (client:354) INFO: {'Role': 'Client #36', 'Round': 0, 'Results_raw': {'train_correct': 22.0, 'train_loss': 1422.031644, 'train_avg_loss': 3.950088, 'train_total': 270, 'train_acc': 0.061111, 'train_total_local_model': 90}}
2024-08-02 22:08:22,484 (client:354) INFO: {'Role': 'Client #137', 'Round': 0, 'Results_raw': {'train_correct': 37.0, 'train_loss': 1467.220437, 'train_avg_loss': 3.944141, 'train_total': 279, 'train_acc': 0.099462, 'train_total_local_model': 93}}
2024-08-02 22:08:22,821 (client:354) INFO: {'Role': 'Client #60', 'Round': 0, 'Results_raw': {'train_correct': 23.0, 'train_loss': 1621.819373, 'train_avg_loss': 3.975047, 'train_total': 306, 'train_acc': 0.056373, 'train_total_local_model': 102}}
2024-08-02 22:08:23,112 (client:354) INFO: {'Role': 'Client #52', 'Round': 0, 'Results_raw': {'train_correct': 26.0, 'train_loss': 1626.911076, 'train_avg_loss': 3.948813, 'train_total': 309, 'train_acc': 0.063107, 'train_total_local_model': 103}}
2024-08-02 22:08:23,516 (client:354) INFO: {'Role': 'Client #17', 'Round': 0, 'Results_raw': {'train_correct': 24.0, 'train_loss': 1607.027878, 'train_avg_loss': 4.01757, 'train_total': 300, 'train_acc': 0.06, 'train_total_local_model': 100}}
2024-08-02 22:08:23,872 (client:354) INFO: {'Role': 'Client #45', 'Round': 0, 'Results_raw': {'train_correct': 30.0, 'train_loss': 1654.888315, 'train_avg_loss': 3.94021, 'train_total': 315, 'train_acc': 0.071429, 'train_total_local_model': 105}}
2024-08-02 22:08:24,318 (client:354) INFO: {'Role': 'Client #95', 'Round': 0, 'Results_raw': {'train_correct': 25.0, 'train_loss': 1685.990671, 'train_avg_loss': 3.976393, 'train_total': 318, 'train_acc': 0.058962, 'train_total_local_model': 106}}
2024-08-02 22:08:27,387 (client:354) INFO: {'Role': 'Client #32', 'Round': 0, 'Results_raw': {'train_correct': 18.0, 'train_loss': 1749.447126, 'train_avg_loss': 4.012493, 'train_total': 327, 'train_acc': 0.041284, 'train_total_local_model': 109}}
2024-08-02 22:08:27,534 (client:354) INFO: {'Role': 'Client #163', 'Round': 0, 'Results_raw': {'train_correct': 22.0, 'train_loss': 1584.202399, 'train_avg_loss': 3.960506, 'train_total': 300, 'train_acc': 0.055, 'train_total_local_model': 100}}
2024-08-02 22:08:27,794 (client:354) INFO: {'Role': 'Client #39', 'Round': 0, 'Results_raw': {'train_correct': 33.0, 'train_loss': 1675.111284, 'train_avg_loss': 3.950734, 'train_total': 318, 'train_acc': 0.07783, 'train_total_local_model': 106}}
2024-08-02 22:08:28,032 (client:354) INFO: {'Role': 'Client #29', 'Round': 0, 'Results_raw': {'train_correct': 26.0, 'train_loss': 1659.065048, 'train_avg_loss': 3.950155, 'train_total': 315, 'train_acc': 0.061905, 'train_total_local_model': 105}}
2024-08-02 22:08:28,181 (client:354) INFO: {'Role': 'Client #194', 'Round': 0, 'Results_raw': {'train_correct': 22.0, 'train_loss': 1731.393525, 'train_avg_loss': 4.007855, 'train_total': 324, 'train_acc': 0.050926, 'train_total_local_model': 108}}
2024-08-02 22:08:28,483 (client:354) INFO: {'Role': 'Client #28', 'Round': 0, 'Results_raw': {'train_correct': 39.0, 'train_loss': 1553.938246, 'train_avg_loss': 3.924086, 'train_total': 297, 'train_acc': 0.098485, 'train_total_local_model': 99}}
2024-08-02 22:08:28,785 (client:354) INFO: {'Role': 'Client #48', 'Round': 0, 'Results_raw': {'train_correct': 14.0, 'train_loss': 1461.232751, 'train_avg_loss': 4.014376, 'train_total': 273, 'train_acc': 0.038462, 'train_total_local_model': 91}}
2024-08-02 22:08:28,915 (client:354) INFO: {'Role': 'Client #166', 'Round': 0, 'Results_raw': {'train_correct': 25.0, 'train_loss': 1696.597532, 'train_avg_loss': 3.964013, 'train_total': 321, 'train_acc': 0.058411, 'train_total_local_model': 107}}
2024-08-02 22:08:29,055 (client:354) INFO: {'Role': 'Client #195', 'Round': 0, 'Results_raw': {'train_correct': 29.0, 'train_loss': 1661.079885, 'train_avg_loss': 3.954952, 'train_total': 315, 'train_acc': 0.069048, 'train_total_local_model': 105}}
2024-08-02 22:08:29,191 (client:354) INFO: {'Role': 'Client #178', 'Round': 0, 'Results_raw': {'train_correct': 30.0, 'train_loss': 1713.446082, 'train_avg_loss': 3.96631, 'train_total': 324, 'train_acc': 0.069444, 'train_total_local_model': 108}}
2024-08-02 22:08:29,358 (client:354) INFO: {'Role': 'Client #177', 'Round': 0, 'Results_raw': {'train_correct': 40.0, 'train_loss': 1688.025433, 'train_avg_loss': 3.907466, 'train_total': 324, 'train_acc': 0.092593, 'train_total_local_model': 108}}
2024-08-02 22:08:29,611 (client:354) INFO: {'Role': 'Client #98', 'Round': 0, 'Results_raw': {'train_correct': 25.0, 'train_loss': 1708.149298, 'train_avg_loss': 3.991003, 'train_total': 321, 'train_acc': 0.058411, 'train_total_local_model': 107}}
2024-08-02 22:08:29,767 (client:354) INFO: {'Role': 'Client #175', 'Round': 0, 'Results_raw': {'train_correct': 25.0, 'train_loss': 1559.216559, 'train_avg_loss': 4.018599, 'train_total': 291, 'train_acc': 0.064433, 'train_total_local_model': 97}}
2024-08-02 22:08:30,162 (client:354) INFO: {'Role': 'Client #74', 'Round': 0, 'Results_raw': {'train_correct': 20.0, 'train_loss': 1585.030105, 'train_avg_loss': 3.962575, 'train_total': 300, 'train_acc': 0.05, 'train_total_local_model': 100}}
2024-08-02 22:08:30,501 (client:354) INFO: {'Role': 'Client #70', 'Round': 0, 'Results_raw': {'train_correct': 21.0, 'train_loss': 1133.272698, 'train_avg_loss': 4.047402, 'train_total': 210, 'train_acc': 0.075, 'train_total_local_model': 70}}
2024-08-02 22:08:30,657 (client:354) INFO: {'Role': 'Client #173', 'Round': 0, 'Results_raw': {'train_correct': 30.0, 'train_loss': 1690.598936, 'train_avg_loss': 3.987262, 'train_total': 318, 'train_acc': 0.070755, 'train_total_local_model': 106}}
2024-08-02 22:08:31,161 (server:359) INFO: ----------- Starting a new training round (Round #1) -------------
2024-08-02 22:08:31,451 (client:354) INFO: {'Role': 'Client #82', 'Round': 1, 'Results_raw': {'train_correct': 41.0, 'train_loss': 1526.89346, 'train_avg_loss': 3.706052, 'train_total': 309, 'train_acc': 0.099515, 'train_total_local_model': 103}}
2024-08-02 22:08:31,592 (client:354) INFO: {'Role': 'Client #169', 'Round': 1, 'Results_raw': {'train_correct': 47.0, 'train_loss': 1383.766413, 'train_avg_loss': 3.566408, 'train_total': 291, 'train_acc': 0.121134, 'train_total_local_model': 97}}
2024-08-02 22:08:31,824 (client:354) INFO: {'Role': 'Client #50', 'Round': 1, 'Results_raw': {'train_correct': 43.0, 'train_loss': 1528.784017, 'train_avg_loss': 3.710641, 'train_total': 309, 'train_acc': 0.104369, 'train_total_local_model': 103}}
2024-08-02 22:08:32,097 (client:354) INFO: {'Role': 'Client #120', 'Round': 1, 'Results_raw': {'train_correct': 36.0, 'train_loss': 1525.185135, 'train_avg_loss': 3.66631, 'train_total': 312, 'train_acc': 0.086538, 'train_total_local_model': 104}}
2024-08-02 22:08:32,232 (client:354) INFO: {'Role': 'Client #182', 'Round': 1, 'Results_raw': {'train_correct': 46.0, 'train_loss': 1580.073836, 'train_avg_loss': 3.624023, 'train_total': 327, 'train_acc': 0.105505, 'train_total_local_model': 109}}
2024-08-02 22:08:32,411 (client:354) INFO: {'Role': 'Client #198', 'Round': 1, 'Results_raw': {'train_correct': 22.0, 'train_loss': 1010.336033, 'train_avg_loss': 3.769911, 'train_total': 201, 'train_acc': 0.08209, 'train_total_local_model': 67}}
2024-08-02 22:08:32,611 (client:354) INFO: {'Role': 'Client #79', 'Round': 1, 'Results_raw': {'train_correct': 31.0, 'train_loss': 1590.88705, 'train_avg_loss': 3.682609, 'train_total': 324, 'train_acc': 0.071759, 'train_total_local_model': 108}}
2024-08-02 22:08:32,971 (client:354) INFO: {'Role': 'Client #93', 'Round': 1, 'Results_raw': {'train_correct': 59.0, 'train_loss': 1441.954741, 'train_avg_loss': 3.678456, 'train_total': 294, 'train_acc': 0.15051, 'train_total_local_model': 98}}
2024-08-02 22:08:33,250 (client:354) INFO: {'Role': 'Client #81', 'Round': 1, 'Results_raw': {'train_correct': 49.0, 'train_loss': 1535.294806, 'train_avg_loss': 3.690613, 'train_total': 312, 'train_acc': 0.117788, 'train_total_local_model': 104}}
2024-08-02 22:08:33,497 (client:354) INFO: {'Role': 'Client #105', 'Round': 1, 'Results_raw': {'train_correct': 47.0, 'train_loss': 1438.251136, 'train_avg_loss': 3.595628, 'train_total': 300, 'train_acc': 0.1175, 'train_total_local_model': 100}}
2024-08-02 22:08:33,795 (client:354) INFO: {'Role': 'Client #61', 'Round': 1, 'Results_raw': {'train_correct': 35.0, 'train_loss': 1491.084424, 'train_avg_loss': 3.690803, 'train_total': 303, 'train_acc': 0.086634, 'train_total_local_model': 101}}
2024-08-02 22:08:34,051 (client:354) INFO: {'Role': 'Client #97', 'Round': 1, 'Results_raw': {'train_correct': 28.0, 'train_loss': 1477.149424, 'train_avg_loss': 3.65631, 'train_total': 303, 'train_acc': 0.069307, 'train_total_local_model': 101}}
2024-08-02 22:08:35,122 (client:354) INFO: {'Role': 'Client #84', 'Round': 1, 'Results_raw': {'train_correct': 47.0, 'train_loss': 1495.26734, 'train_avg_loss': 3.62929, 'train_total': 309, 'train_acc': 0.114078, 'train_total_local_model': 103}}
2024-08-02 22:08:35,369 (client:354) INFO: {'Role': 'Client #145', 'Round': 1, 'Results_raw': {'train_correct': 39.0, 'train_loss': 1467.531051, 'train_avg_loss': 3.59689, 'train_total': 306, 'train_acc': 0.095588, 'train_total_local_model': 102}}
2024-08-02 22:08:35,573 (client:354) INFO: {'Role': 'Client #8', 'Round': 1, 'Results_raw': {'train_correct': 38.0, 'train_loss': 1430.535298, 'train_avg_loss': 3.649325, 'train_total': 294, 'train_acc': 0.096939, 'train_total_local_model': 98}}
2024-08-02 22:08:35,712 (client:354) INFO: {'Role': 'Client #5', 'Round': 1, 'Results_raw': {'train_correct': 46.0, 'train_loss': 1316.828891, 'train_avg_loss': 3.657858, 'train_total': 270, 'train_acc': 0.127778, 'train_total_local_model': 90}}
2024-08-02 22:08:36,101 (client:354) INFO: {'Role': 'Client #149', 'Round': 1, 'Results_raw': {'train_correct': 48.0, 'train_loss': 1417.398514, 'train_avg_loss': 3.691142, 'train_total': 288, 'train_acc': 0.125, 'train_total_local_model': 96}}
2024-08-02 22:08:36,247 (client:354) INFO: {'Role': 'Client #189', 'Round': 1, 'Results_raw': {'train_correct': 34.0, 'train_loss': 1394.210014, 'train_avg_loss': 3.630755, 'train_total': 288, 'train_acc': 0.088542, 'train_total_local_model': 96}}
2024-08-02 22:08:36,517 (client:354) INFO: {'Role': 'Client #7', 'Round': 1, 'Results_raw': {'train_correct': 54.0, 'train_loss': 1319.531934, 'train_avg_loss': 3.665366, 'train_total': 270, 'train_acc': 0.15, 'train_total_local_model': 90}}
2024-08-02 22:08:36,763 (client:354) INFO: {'Role': 'Client #171', 'Round': 1, 'Results_raw': {'train_correct': 47.0, 'train_loss': 1551.439306, 'train_avg_loss': 3.693903, 'train_total': 315, 'train_acc': 0.111905, 'train_total_local_model': 105}}
2024-08-02 22:08:37,109 (client:354) INFO: {'Role': 'Client #147', 'Round': 1, 'Results_raw': {'train_correct': 48.0, 'train_loss': 1433.605113, 'train_avg_loss': 3.694859, 'train_total': 291, 'train_acc': 0.123711, 'train_total_local_model': 97}}
2024-08-02 22:08:37,821 (client:354) INFO: {'Role': 'Client #133', 'Round': 1, 'Results_raw': {'train_correct': 54.0, 'train_loss': 1601.005061, 'train_avg_loss': 3.67203, 'train_total': 327, 'train_acc': 0.123853, 'train_total_local_model': 109}}
2024-08-02 22:08:38,203 (client:354) INFO: {'Role': 'Client #121', 'Round': 1, 'Results_raw': {'train_correct': 57.0, 'train_loss': 1454.79997, 'train_avg_loss': 3.673737, 'train_total': 297, 'train_acc': 0.143939, 'train_total_local_model': 99}}
2024-08-02 22:08:38,592 (client:354) INFO: {'Role': 'Client #78', 'Round': 1, 'Results_raw': {'train_correct': 43.0, 'train_loss': 1473.436212, 'train_avg_loss': 3.611363, 'train_total': 306, 'train_acc': 0.105392, 'train_total_local_model': 102}}
2024-08-02 22:08:44,433 (client:354) INFO: {'Role': 'Client #6', 'Round': 1, 'Results_raw': {'train_correct': 37.0, 'train_loss': 1312.777249, 'train_avg_loss': 3.687577, 'train_total': 267, 'train_acc': 0.103933, 'train_total_local_model': 89}}
2024-08-02 22:08:44,605 (client:354) INFO: {'Role': 'Client #191', 'Round': 1, 'Results_raw': {'train_correct': 41.0, 'train_loss': 1585.892819, 'train_avg_loss': 3.637369, 'train_total': 327, 'train_acc': 0.094037, 'train_total_local_model': 109}}
2024-08-02 22:08:44,832 (client:354) INFO: {'Role': 'Client #117', 'Round': 1, 'Results_raw': {'train_correct': 31.0, 'train_loss': 1441.749102, 'train_avg_loss': 3.715848, 'train_total': 291, 'train_acc': 0.079897, 'train_total_local_model': 97}}
2024-08-02 22:08:45,341 (client:354) INFO: {'Role': 'Client #56', 'Round': 1, 'Results_raw': {'train_correct': 22.0, 'train_loss': 1242.460855, 'train_avg_loss': 3.742352, 'train_total': 249, 'train_acc': 0.066265, 'train_total_local_model': 83}}
2024-08-02 22:08:45,547 (client:354) INFO: {'Role': 'Client #165', 'Round': 1, 'Results_raw': {'train_correct': 60.0, 'train_loss': 1557.432237, 'train_avg_loss': 3.605167, 'train_total': 324, 'train_acc': 0.138889, 'train_total_local_model': 108}}
2024-08-02 22:08:45,689 (client:354) INFO: {'Role': 'Client #200', 'Round': 1, 'Results_raw': {'train_correct': 49.0, 'train_loss': 1519.954465, 'train_avg_loss': 3.584798, 'train_total': 318, 'train_acc': 0.115566, 'train_total_local_model': 106}}
2024-08-02 22:08:51,967 (client:354) INFO: {'Role': 'Client #11', 'Round': 1, 'Results_raw': {'train_correct': 56.0, 'train_loss': 1560.554422, 'train_avg_loss': 3.715606, 'train_total': 315, 'train_acc': 0.133333, 'train_total_local_model': 105}}
2024-08-02 22:08:52,148 (client:354) INFO: {'Role': 'Client #168', 'Round': 1, 'Results_raw': {'train_correct': 31.0, 'train_loss': 1413.518414, 'train_avg_loss': 3.605914, 'train_total': 294, 'train_acc': 0.079082, 'train_total_local_model': 98}}
2024-08-02 22:08:55,858 (client:354) INFO: {'Role': 'Client #68', 'Round': 1, 'Results_raw': {'train_correct': 45.0, 'train_loss': 1555.697361, 'train_avg_loss': 3.704041, 'train_total': 315, 'train_acc': 0.107143, 'train_total_local_model': 105}}
2024-08-02 22:08:56,245 (client:354) INFO: {'Role': 'Client #130', 'Round': 1, 'Results_raw': {'train_correct': 37.0, 'train_loss': 1578.487147, 'train_avg_loss': 3.688054, 'train_total': 321, 'train_acc': 0.086449, 'train_total_local_model': 107}}
2024-08-02 22:08:56,401 (client:354) INFO: {'Role': 'Client #48', 'Round': 1, 'Results_raw': {'train_correct': 51.0, 'train_loss': 1325.90465, 'train_avg_loss': 3.642595, 'train_total': 273, 'train_acc': 0.14011, 'train_total_local_model': 91}}
2024-08-02 22:08:56,525 (client:354) INFO: {'Role': 'Client #173', 'Round': 1, 'Results_raw': {'train_correct': 50.0, 'train_loss': 1532.880664, 'train_avg_loss': 3.615285, 'train_total': 318, 'train_acc': 0.117925, 'train_total_local_model': 106}}
2024-08-02 22:08:56,779 (client:354) INFO: {'Role': 'Client #164', 'Round': 1, 'Results_raw': {'train_correct': 47.0, 'train_loss': 1474.783651, 'train_avg_loss': 3.650455, 'train_total': 303, 'train_acc': 0.116337, 'train_total_local_model': 101}}
